<?xml version="1.0" encoding="UTF-8"?>
<coverage generated="1683291204366" clover="3.2.0">
  <project timestamp="1683291204366" name="All files">
    <metrics statements="6" coveredstatements="6" conditionals="10" coveredconditionals="10" methods="2" coveredmethods="2" elements="18" coveredelements="18" complexity="0" loc="6" ncloc="6" packages="1" files="2" classes="2"/>
    <file name="classify-student.js" path="/Users/hoangnguyen/Desktop/JavaScript/Code/Section10-Unit-Test/classify-student.js">
      <metrics statements="5" coveredstatements="5" conditionals="10" coveredconditionals="10" methods="1" coveredmethods="1"/>
      <line num="3" count="12" type="cond" truecount="4" falsecount="0"/>
      <line num="5" count="10" type="cond" truecount="2" falsecount="0"/>
      <line num="6" count="8" type="cond" truecount="2" falsecount="0"/>
      <line num="7" count="6" type="cond" truecount="2" falsecount="0"/>
      <line num="9" count="3" type="stmt"/>
    </file>
    <file name="main.js" path="/Users/hoangnguyen/Desktop/JavaScript/Code/Section10-Unit-Test/main.js">
      <metrics statements="1" coveredstatements="1" conditionals="0" coveredconditionals="0" methods="1" coveredmethods="1"/>
      <line num="2" count="1" type="stmt"/>
    </file>
  </project>
</coverage>
