<?xml version="1.0" encoding="UTF-8"?>
<coverage generated="1683293659206" clover="3.2.0">
  <project timestamp="1683293659206" name="All files">
    <metrics statements="18" coveredstatements="18" conditionals="22" coveredconditionals="22" methods="4" coveredmethods="4" elements="44" coveredelements="44" complexity="0" loc="18" ncloc="18" packages="1" files="3" classes="3"/>
    <file name="check-exist.js" path="/Users/hoangnguyen/Desktop/JavaScript/Code/Section10-Unit-Test/check-exist.js">
      <metrics statements="12" coveredstatements="12" conditionals="12" coveredconditionals="12" methods="2" coveredmethods="2"/>
      <line num="3" count="9" type="cond" truecount="4" falsecount="0"/>
      <line num="5" count="3" type="stmt"/>
      <line num="7" count="3" type="stmt"/>
      <line num="8" count="6" type="stmt"/>
      <line num="9" count="6" type="cond" truecount="2" falsecount="0"/>
      <line num="10" count="2" type="stmt"/>
      <line num="11" count="2" type="stmt"/>
      <line num="15" count="3" type="stmt"/>
      <line num="23" count="9" type="cond" truecount="4" falsecount="0"/>
      <line num="25" count="3" type="stmt"/>
      <line num="26" count="6" type="cond" truecount="2" falsecount="0"/>
      <line num="29" count="1" type="stmt"/>
    </file>
    <file name="classify-student.js" path="/Users/hoangnguyen/Desktop/JavaScript/Code/Section10-Unit-Test/classify-student.js">
      <metrics statements="5" coveredstatements="5" conditionals="10" coveredconditionals="10" methods="1" coveredmethods="1"/>
      <line num="3" count="12" type="cond" truecount="4" falsecount="0"/>
      <line num="5" count="10" type="cond" truecount="2" falsecount="0"/>
      <line num="6" count="8" type="cond" truecount="2" falsecount="0"/>
      <line num="7" count="6" type="cond" truecount="2" falsecount="0"/>
      <line num="9" count="3" type="stmt"/>
    </file>
    <file name="main.js" path="/Users/hoangnguyen/Desktop/JavaScript/Code/Section10-Unit-Test/main.js">
      <metrics statements="1" coveredstatements="1" conditionals="0" coveredconditionals="0" methods="1" coveredmethods="1"/>
      <line num="2" count="1" type="stmt"/>
    </file>
  </project>
</coverage>
