{"/Users/hoangnguyen/Desktop/JavaScript/Code/Section10-Unit-Test/check-exist.js": {"path":"/Users/hoangnguyen/Desktop/JavaScript/Code/Section10-Unit-Test/check-exist.js","statementMap":{"0":{"start":{"line":3,"column":2},"end":{"line":3,"column":74}},"1":{"start":{"line":3,"column":61},"end":{"line":3,"column":74}},"2":{"start":{"line":5,"column":16},"end":{"line":5,"column":20}},"3":{"start":{"line":7,"column":2},"end":{"line":13,"column":3}},"4":{"start":{"line":7,"column":15},"end":{"line":7,"column":16}},"5":{"start":{"line":8,"column":17},"end":{"line":8,"column":30}},"6":{"start":{"line":9,"column":4},"end":{"line":12,"column":5}},"7":{"start":{"line":10,"column":6},"end":{"line":10,"column":22}},"8":{"start":{"line":11,"column":6},"end":{"line":11,"column":12}},"9":{"start":{"line":15,"column":2},"end":{"line":15,"column":17}},"10":{"start":{"line":23,"column":2},"end":{"line":23,"column":74}},"11":{"start":{"line":23,"column":61},"end":{"line":23,"column":74}},"12":{"start":{"line":25,"column":2},"end":{"line":27,"column":3}},"13":{"start":{"line":25,"column":15},"end":{"line":25,"column":16}},"14":{"start":{"line":26,"column":4},"end":{"line":26,"column":46}},"15":{"start":{"line":26,"column":33},"end":{"line":26,"column":46}},"16":{"start":{"line":29,"column":2},"end":{"line":29,"column":14}}},"fnMap":{"0":{"name":"checkIfAllEvent1","decl":{"start":{"line":2,"column":16},"end":{"line":2,"column":32}},"loc":{"start":{"line":2,"column":45},"end":{"line":16,"column":1}},"line":2},"1":{"name":"checkIfAllEvent2","decl":{"start":{"line":22,"column":16},"end":{"line":22,"column":32}},"loc":{"start":{"line":22,"column":45},"end":{"line":30,"column":1}},"line":22}},"branchMap":{"0":{"loc":{"start":{"line":3,"column":2},"end":{"line":3,"column":74}},"type":"if","locations":[{"start":{"line":3,"column":2},"end":{"line":3,"column":74}},{"start":{},"end":{}}],"line":3},"1":{"loc":{"start":{"line":3,"column":6},"end":{"line":3,"column":59}},"type":"binary-expr","locations":[{"start":{"line":3,"column":6},"end":{"line":3,"column":32}},{"start":{"line":3,"column":36},"end":{"line":3,"column":59}}],"line":3},"2":{"loc":{"start":{"line":9,"column":4},"end":{"line":12,"column":5}},"type":"if","locations":[{"start":{"line":9,"column":4},"end":{"line":12,"column":5}},{"start":{},"end":{}}],"line":9},"3":{"loc":{"start":{"line":23,"column":2},"end":{"line":23,"column":74}},"type":"if","locations":[{"start":{"line":23,"column":2},"end":{"line":23,"column":74}},{"start":{},"end":{}}],"line":23},"4":{"loc":{"start":{"line":23,"column":6},"end":{"line":23,"column":59}},"type":"binary-expr","locations":[{"start":{"line":23,"column":6},"end":{"line":23,"column":32}},{"start":{"line":23,"column":36},"end":{"line":23,"column":59}}],"line":23},"5":{"loc":{"start":{"line":26,"column":4},"end":{"line":26,"column":46}},"type":"if","locations":[{"start":{"line":26,"column":4},"end":{"line":26,"column":46}},{"start":{},"end":{}}],"line":26}},"s":{"0":9,"1":6,"2":3,"3":3,"4":3,"5":6,"6":6,"7":2,"8":2,"9":3,"10":9,"11":6,"12":3,"13":3,"14":6,"15":2,"16":1},"f":{"0":9,"1":9},"b":{"0":[6,3],"1":[9,4],"2":[2,4],"3":[6,3],"4":[9,4],"5":[2,4]},"_coverageSchema":"1a1c01bbd47fc00a2c39e90264f33305004495a9","hash":"715d0c7836aa608e3cad07f5afe02898b443650f"}
,"/Users/hoangnguyen/Desktop/JavaScript/Code/Section10-Unit-Test/classify-student.js": {"path":"/Users/hoangnguyen/Desktop/JavaScript/Code/Section10-Unit-Test/classify-student.js","statementMap":{"0":{"start":{"line":3,"column":2},"end":{"line":3,"column":51}},"1":{"start":{"line":3,"column":29},"end":{"line":3,"column":51}},"2":{"start":{"line":5,"column":2},"end":{"line":5,"column":36}},"3":{"start":{"line":5,"column":16},"end":{"line":5,"column":36}},"4":{"start":{"line":6,"column":2},"end":{"line":6,"column":31}},"5":{"start":{"line":6,"column":17},"end":{"line":6,"column":31}},"6":{"start":{"line":7,"column":2},"end":{"line":7,"column":35}},"7":{"start":{"line":7,"column":17},"end":{"line":7,"column":35}},"8":{"start":{"line":9,"column":2},"end":{"line":9,"column":15}}},"fnMap":{"0":{"name":"classifyStudentV3","decl":{"start":{"line":2,"column":16},"end":{"line":2,"column":33}},"loc":{"start":{"line":2,"column":40},"end":{"line":10,"column":1}},"line":2}},"branchMap":{"0":{"loc":{"start":{"line":3,"column":2},"end":{"line":3,"column":51}},"type":"if","locations":[{"start":{"line":3,"column":2},"end":{"line":3,"column":51}},{"start":{},"end":{}}],"line":3},"1":{"loc":{"start":{"line":3,"column":6},"end":{"line":3,"column":27}},"type":"binary-expr","locations":[{"start":{"line":3,"column":6},"end":{"line":3,"column":14}},{"start":{"line":3,"column":18},"end":{"line":3,"column":27}}],"line":3},"2":{"loc":{"start":{"line":5,"column":2},"end":{"line":5,"column":36}},"type":"if","locations":[{"start":{"line":5,"column":2},"end":{"line":5,"column":36}},{"start":{},"end":{}}],"line":5},"3":{"loc":{"start":{"line":6,"column":2},"end":{"line":6,"column":31}},"type":"if","locations":[{"start":{"line":6,"column":2},"end":{"line":6,"column":31}},{"start":{},"end":{}}],"line":6},"4":{"loc":{"start":{"line":7,"column":2},"end":{"line":7,"column":35}},"type":"if","locations":[{"start":{"line":7,"column":2},"end":{"line":7,"column":35}},{"start":{},"end":{}}],"line":7}},"s":{"0":12,"1":2,"2":10,"3":2,"4":8,"5":2,"6":6,"7":3,"8":3},"f":{"0":12},"b":{"0":[2,10],"1":[12,11],"2":[2,8],"3":[2,6],"4":[3,3]},"_coverageSchema":"1a1c01bbd47fc00a2c39e90264f33305004495a9","hash":"1be4cf9d77276d63ebb28d75aa4ff2cb55253519"}
,"/Users/hoangnguyen/Desktop/JavaScript/Code/Section10-Unit-Test/main.js": {"path":"/Users/hoangnguyen/Desktop/JavaScript/Code/Section10-Unit-Test/main.js","statementMap":{"0":{"start":{"line":2,"column":2},"end":{"line":2,"column":15}}},"fnMap":{"0":{"name":"sum","decl":{"start":{"line":1,"column":16},"end":{"line":1,"column":19}},"loc":{"start":{"line":1,"column":26},"end":{"line":3,"column":1}},"line":1}},"branchMap":{},"s":{"0":1},"f":{"0":1},"b":{},"_coverageSchema":"1a1c01bbd47fc00a2c39e90264f33305004495a9","hash":"82d459718d19cece6978a302ed646323ea8ab0f3"}
}
