TN:
SF:check-exist.js
FN:2,checkIfAllEvent1
FN:22,checkIfAllEvent2
FNF:2
FNH:2
FNDA:9,checkIfAllEvent1
FNDA:9,checkIfAllEvent2
DA:3,9
DA:5,3
DA:7,3
DA:8,6
DA:9,6
DA:10,2
DA:11,2
DA:15,3
DA:23,9
DA:25,3
DA:26,6
DA:29,1
LF:12
LH:12
BRDA:3,0,0,6
BRDA:3,0,1,3
BRDA:3,1,0,9
BRDA:3,1,1,4
BRDA:9,2,0,2
BRDA:9,2,1,4
BRDA:23,3,0,6
BRDA:23,3,1,3
BRDA:23,4,0,9
BRDA:23,4,1,4
BRDA:26,5,0,2
BRDA:26,5,1,4
BRF:12
BRH:12
end_of_record
TN:
SF:classify-student.js
FN:2,classifyStudentV3
FNF:1
FNH:1
FNDA:12,classifyStudentV3
DA:3,12
DA:5,10
DA:6,8
DA:7,6
DA:9,3
LF:5
LH:5
BRDA:3,0,0,2
BRDA:3,0,1,10
BRDA:3,1,0,12
BRDA:3,1,1,11
BRDA:5,2,0,2
BRDA:5,2,1,8
BRDA:6,3,0,2
BRDA:6,3,1,6
BRDA:7,4,0,3
BRDA:7,4,1,3
BRF:10
BRH:10
end_of_record
TN:
SF:main.js
FN:1,sum
FNF:1
FNH:1
FNDA:1,sum
DA:2,1
LF:1
LH:1
BRF:0
BRH:0
end_of_record
