<?xml version="1.0" encoding="UTF-8"?>
<coverage generated="1683527198250" clover="3.2.0">
  <project timestamp="1683527198251" name="All files">
    <metrics statements="40" coveredstatements="40" conditionals="22" coveredconditionals="22" methods="4" coveredmethods="4" elements="66" coveredelements="66" complexity="0" loc="40" ncloc="40" packages="1" files="3" classes="3"/>
    <file name="01-calc-sum.js" path="/Users/hoangnguyen/Desktop/JavaScript/Code/Section11-Coding-Exercise/practice/01-calc-sum.js">
      <metrics statements="11" coveredstatements="11" conditionals="4" coveredconditionals="4" methods="2" coveredmethods="2"/>
      <line num="5" count="7" type="cond" truecount="2" falsecount="0"/>
      <line num="7" count="5" type="stmt"/>
      <line num="9" count="5" type="stmt"/>
      <line num="10" count="8" type="stmt"/>
      <line num="13" count="5" type="stmt"/>
      <line num="16" count="1" type="stmt"/>
      <line num="20" count="9" type="cond" truecount="2" falsecount="0"/>
      <line num="22" count="7" type="stmt"/>
      <line num="25" count="1" type="stmt"/>
      <line num="26" count="1" type="stmt"/>
      <line num="27" count="1" type="stmt"/>
    </file>
    <file name="number-01.js" path="/Users/hoangnguyen/Desktop/JavaScript/Code/Section11-Coding-Exercise/practice/number-01.js">
      <metrics statements="10" coveredstatements="10" conditionals="8" coveredconditionals="8" methods="1" coveredmethods="1"/>
      <line num="23" count="29" type="cond" truecount="4" falsecount="0"/>
      <line num="25" count="25" type="cond" truecount="2" falsecount="0"/>
      <line num="27" count="16" type="stmt"/>
      <line num="28" count="16" type="stmt"/>
      <line num="30" count="16" type="stmt"/>
      <line num="32" count="44" type="stmt"/>
      <line num="33" count="44" type="cond" truecount="2" falsecount="0"/>
      <line num="36" count="33" type="stmt"/>
      <line num="39" count="33" type="stmt"/>
      <line num="42" count="5" type="stmt"/>
    </file>
    <file name="number-02.js" path="/Users/hoangnguyen/Desktop/JavaScript/Code/Section11-Coding-Exercise/practice/number-02.js">
      <metrics statements="19" coveredstatements="19" conditionals="10" coveredconditionals="10" methods="1" coveredmethods="1"/>
      <line num="3" count="26" type="cond" truecount="4" falsecount="0"/>
      <line num="5" count="24" type="cond" truecount="2" falsecount="0"/>
      <line num="7" count="13" type="stmt"/>
      <line num="8" count="13" type="stmt"/>
      <line num="11" count="13" type="stmt"/>
      <line num="12" count="44" type="stmt"/>
      <line num="13" count="44" type="stmt"/>
      <line num="14" count="44" type="stmt"/>
      <line num="15" count="44" type="cond" truecount="4" falsecount="0"/>
      <line num="17" count="38" type="stmt"/>
      <line num="18" count="38" type="stmt"/>
      <line num="20" count="38" type="stmt"/>
      <line num="21" count="38" type="stmt"/>
      <line num="23" count="7" type="stmt"/>
      <line num="25" count="1" type="stmt"/>
      <line num="27" count="1" type="stmt"/>
      <line num="29" count="1" type="stmt"/>
      <line num="30" count="1" type="stmt"/>
      <line num="31" count="1" type="stmt"/>
    </file>
  </project>
</coverage>
