{"/Users/hoangnguyen/Desktop/JavaScript/Code/Section11-Coding-Exercise/practice/01-calc-sum.js": {"path":"/Users/hoangnguyen/Desktop/JavaScript/Code/Section11-Coding-Exercise/practice/01-calc-sum.js","statementMap":{"0":{"start":{"line":5,"column":2},"end":{"line":5,"column":23}},"1":{"start":{"line":5,"column":14},"end":{"line":5,"column":23}},"2":{"start":{"line":7,"column":12},"end":{"line":7,"column":13}},"3":{"start":{"line":9,"column":2},"end":{"line":11,"column":3}},"4":{"start":{"line":9,"column":15},"end":{"line":9,"column":16}},"5":{"start":{"line":10,"column":4},"end":{"line":10,"column":13}},"6":{"start":{"line":13,"column":2},"end":{"line":13,"column":13}},"7":{"start":{"line":16,"column":0},"end":{"line":16,"column":29}},"8":{"start":{"line":20,"column":2},"end":{"line":20,"column":23}},"9":{"start":{"line":20,"column":14},"end":{"line":20,"column":23}},"10":{"start":{"line":22,"column":2},"end":{"line":22,"column":27}},"11":{"start":{"line":25,"column":0},"end":{"line":25,"column":30}},"12":{"start":{"line":26,"column":0},"end":{"line":26,"column":30}},"13":{"start":{"line":27,"column":0},"end":{"line":27,"column":30}}},"fnMap":{"0":{"name":"calculateSum","decl":{"start":{"line":4,"column":16},"end":{"line":4,"column":28}},"loc":{"start":{"line":4,"column":32},"end":{"line":14,"column":1}},"line":4},"1":{"name":"calculateSum2","decl":{"start":{"line":19,"column":16},"end":{"line":19,"column":29}},"loc":{"start":{"line":19,"column":33},"end":{"line":23,"column":1}},"line":19}},"branchMap":{"0":{"loc":{"start":{"line":5,"column":2},"end":{"line":5,"column":23}},"type":"if","locations":[{"start":{"line":5,"column":2},"end":{"line":5,"column":23}},{"start":{},"end":{}}],"line":5},"1":{"loc":{"start":{"line":20,"column":2},"end":{"line":20,"column":23}},"type":"if","locations":[{"start":{"line":20,"column":2},"end":{"line":20,"column":23}},{"start":{},"end":{}}],"line":20}},"s":{"0":7,"1":2,"2":5,"3":5,"4":5,"5":8,"6":5,"7":1,"8":9,"9":2,"10":7,"11":1,"12":1,"13":1},"f":{"0":7,"1":9},"b":{"0":[2,5],"1":[2,7]},"_coverageSchema":"1a1c01bbd47fc00a2c39e90264f33305004495a9","hash":"13c223403829a8ee691d3945d1f63b184bbfb8c9"}
,"/Users/hoangnguyen/Desktop/JavaScript/Code/Section11-Coding-Exercise/practice/number-01.js": {"path":"/Users/hoangnguyen/Desktop/JavaScript/Code/Section11-Coding-Exercise/practice/number-01.js","statementMap":{"0":{"start":{"line":23,"column":2},"end":{"line":23,"column":42}},"1":{"start":{"line":23,"column":29},"end":{"line":23,"column":42}},"2":{"start":{"line":25,"column":2},"end":{"line":25,"column":27}},"3":{"start":{"line":25,"column":14},"end":{"line":25,"column":27}},"4":{"start":{"line":27,"column":18},"end":{"line":27,"column":19}},"5":{"start":{"line":28,"column":18},"end":{"line":28,"column":20}},"6":{"start":{"line":30,"column":2},"end":{"line":40,"column":3}},"7":{"start":{"line":32,"column":22},"end":{"line":32,"column":36}},"8":{"start":{"line":33,"column":4},"end":{"line":33,"column":45}},"9":{"start":{"line":33,"column":32},"end":{"line":33,"column":45}},"10":{"start":{"line":36,"column":4},"end":{"line":36,"column":26}},"11":{"start":{"line":39,"column":4},"end":{"line":39,"column":43}},"12":{"start":{"line":42,"column":2},"end":{"line":42,"column":14}}},"fnMap":{"0":{"name":"isIncreasingNumber","decl":{"start":{"line":22,"column":16},"end":{"line":22,"column":34}},"loc":{"start":{"line":22,"column":38},"end":{"line":43,"column":1}},"line":22}},"branchMap":{"0":{"loc":{"start":{"line":23,"column":2},"end":{"line":23,"column":42}},"type":"if","locations":[{"start":{"line":23,"column":2},"end":{"line":23,"column":42}},{"start":{},"end":{}}],"line":23},"1":{"loc":{"start":{"line":23,"column":6},"end":{"line":23,"column":27}},"type":"binary-expr","locations":[{"start":{"line":23,"column":6},"end":{"line":23,"column":12}},{"start":{"line":23,"column":16},"end":{"line":23,"column":27}}],"line":23},"2":{"loc":{"start":{"line":25,"column":2},"end":{"line":25,"column":27}},"type":"if","locations":[{"start":{"line":25,"column":2},"end":{"line":25,"column":27}},{"start":{},"end":{}}],"line":25},"3":{"loc":{"start":{"line":33,"column":4},"end":{"line":33,"column":45}},"type":"if","locations":[{"start":{"line":33,"column":4},"end":{"line":33,"column":45}},{"start":{},"end":{}}],"line":33}},"s":{"0":29,"1":4,"2":25,"3":9,"4":16,"5":16,"6":16,"7":44,"8":44,"9":11,"10":33,"11":33,"12":5},"f":{"0":29},"b":{"0":[4,25],"1":[29,26],"2":[9,16],"3":[11,33]},"_coverageSchema":"1a1c01bbd47fc00a2c39e90264f33305004495a9","hash":"fc83d70104fe286aadac12eb4ade43ab5c3ef220"}
,"/Users/hoangnguyen/Desktop/JavaScript/Code/Section11-Coding-Exercise/practice/number-02.js": {"path":"/Users/hoangnguyen/Desktop/JavaScript/Code/Section11-Coding-Exercise/practice/number-02.js","statementMap":{"0":{"start":{"line":3,"column":2},"end":{"line":3,"column":41}},"1":{"start":{"line":3,"column":28},"end":{"line":3,"column":41}},"2":{"start":{"line":5,"column":2},"end":{"line":5,"column":27}},"3":{"start":{"line":5,"column":14},"end":{"line":5,"column":27}},"4":{"start":{"line":7,"column":15},"end":{"line":7,"column":16}},"5":{"start":{"line":8,"column":18},"end":{"line":8,"column":19}},"6":{"start":{"line":11,"column":2},"end":{"line":22,"column":3}},"7":{"start":{"line":12,"column":22},"end":{"line":12,"column":33}},"8":{"start":{"line":15,"column":4},"end":{"line":15,"column":62}},"9":{"start":{"line":15,"column":49},"end":{"line":15,"column":62}},"10":{"start":{"line":17,"column":4},"end":{"line":17,"column":26}},"11":{"start":{"line":20,"column":4},"end":{"line":20,"column":37}},"12":{"start":{"line":23,"column":2},"end":{"line":23,"column":14}},"13":{"start":{"line":25,"column":0},"end":{"line":25,"column":36}},"14":{"start":{"line":26,"column":0},"end":{"line":26,"column":37}},"15":{"start":{"line":27,"column":0},"end":{"line":27,"column":39}},"16":{"start":{"line":28,"column":0},"end":{"line":28,"column":40}},"17":{"start":{"line":29,"column":0},"end":{"line":29,"column":38}}},"fnMap":{"0":{"name":"isDecreasingNumber","decl":{"start":{"line":2,"column":16},"end":{"line":2,"column":34}},"loc":{"start":{"line":2,"column":38},"end":{"line":24,"column":1}},"line":2}},"branchMap":{"0":{"loc":{"start":{"line":3,"column":2},"end":{"line":3,"column":41}},"type":"if","locations":[{"start":{"line":3,"column":2},"end":{"line":3,"column":41}},{"start":{},"end":{}}],"line":3},"1":{"loc":{"start":{"line":3,"column":6},"end":{"line":3,"column":26}},"type":"binary-expr","locations":[{"start":{"line":3,"column":6},"end":{"line":3,"column":11}},{"start":{"line":3,"column":15},"end":{"line":3,"column":26}}],"line":3},"2":{"loc":{"start":{"line":5,"column":2},"end":{"line":5,"column":27}},"type":"if","locations":[{"start":{"line":5,"column":2},"end":{"line":5,"column":27}},{"start":{},"end":{}}],"line":5},"3":{"loc":{"start":{"line":15,"column":4},"end":{"line":15,"column":62}},"type":"if","locations":[{"start":{"line":15,"column":4},"end":{"line":15,"column":62}},{"start":{},"end":{}}],"line":15},"4":{"loc":{"start":{"line":15,"column":8},"end":{"line":15,"column":47}},"type":"binary-expr","locations":[{"start":{"line":15,"column":8},"end":{"line":15,"column":30}},{"start":{"line":15,"column":34},"end":{"line":15,"column":47}}],"line":15}},"s":{"0":26,"1":2,"2":24,"3":11,"4":13,"5":13,"6":13,"7":44,"8":44,"9":6,"10":38,"11":38,"12":7,"13":1,"14":1,"15":1,"16":1,"17":1},"f":{"0":26},"b":{"0":[2,24],"1":[26,25],"2":[11,13],"3":[6,38],"4":[44,8]},"_coverageSchema":"1a1c01bbd47fc00a2c39e90264f33305004495a9","hash":"4d858809a1f678320b558b3f44f394c66b7a6890"}
,"/Users/hoangnguyen/Desktop/JavaScript/Code/Section11-Coding-Exercise/practice/number-03.js": {"path":"/Users/hoangnguyen/Desktop/JavaScript/Code/Section11-Coding-Exercise/practice/number-03.js","statementMap":{"0":{"start":{"line":3,"column":2},"end":{"line":3,"column":43}},"1":{"start":{"line":3,"column":30},"end":{"line":3,"column":43}},"2":{"start":{"line":4,"column":2},"end":{"line":4,"column":37}},"3":{"start":{"line":4,"column":24},"end":{"line":4,"column":37}},"4":{"start":{"line":6,"column":23},"end":{"line":6,"column":35}},"5":{"start":{"line":7,"column":14},"end":{"line":7,"column":18}},"6":{"start":{"line":8,"column":14},"end":{"line":8,"column":18}},"7":{"start":{"line":10,"column":2},"end":{"line":12,"column":3}},"8":{"start":{"line":10,"column":15},"end":{"line":10,"column":16}},"9":{"start":{"line":11,"column":4},"end":{"line":11,"column":70}},"10":{"start":{"line":11,"column":47},"end":{"line":11,"column":70}},"11":{"start":{"line":14,"column":2},"end":{"line":17,"column":3}},"12":{"start":{"line":14,"column":15},"end":{"line":14,"column":16}},"13":{"start":{"line":15,"column":4},"end":{"line":16,"column":29}},"14":{"start":{"line":16,"column":6},"end":{"line":16,"column":29}},"15":{"start":{"line":19,"column":2},"end":{"line":19,"column":55}},"16":{"start":{"line":19,"column":42},"end":{"line":19,"column":55}},"17":{"start":{"line":21,"column":2},"end":{"line":21,"column":14}},"18":{"start":{"line":24,"column":0},"end":{"line":24,"column":50}},"19":{"start":{"line":25,"column":0},"end":{"line":25,"column":49}},"20":{"start":{"line":26,"column":0},"end":{"line":26,"column":50}},"21":{"start":{"line":27,"column":0},"end":{"line":27,"column":50}},"22":{"start":{"line":28,"column":0},"end":{"line":28,"column":50}}},"fnMap":{"0":{"name":"isIncreasingNumberByDistance","decl":{"start":{"line":2,"column":16},"end":{"line":2,"column":44}},"loc":{"start":{"line":2,"column":51},"end":{"line":22,"column":1}},"line":2}},"branchMap":{"0":{"loc":{"start":{"line":3,"column":2},"end":{"line":3,"column":43}},"type":"if","locations":[{"start":{"line":3,"column":2},"end":{"line":3,"column":43}},{"start":{},"end":{}}],"line":3},"1":{"loc":{"start":{"line":3,"column":6},"end":{"line":3,"column":28}},"type":"binary-expr","locations":[{"start":{"line":3,"column":6},"end":{"line":3,"column":12}},{"start":{"line":3,"column":16},"end":{"line":3,"column":28}}],"line":3},"2":{"loc":{"start":{"line":4,"column":2},"end":{"line":4,"column":37}},"type":"if","locations":[{"start":{"line":4,"column":2},"end":{"line":4,"column":37}},{"start":{},"end":{}}],"line":4},"3":{"loc":{"start":{"line":4,"column":6},"end":{"line":4,"column":22}},"type":"binary-expr","locations":[{"start":{"line":4,"column":6},"end":{"line":4,"column":12}},{"start":{"line":4,"column":16},"end":{"line":4,"column":22}}],"line":4},"4":{"loc":{"start":{"line":11,"column":4},"end":{"line":11,"column":70}},"type":"if","locations":[{"start":{"line":11,"column":4},"end":{"line":11,"column":70}},{"start":{},"end":{}}],"line":11},"5":{"loc":{"start":{"line":15,"column":4},"end":{"line":16,"column":29}},"type":"if","locations":[{"start":{"line":15,"column":4},"end":{"line":16,"column":29}},{"start":{},"end":{}}],"line":15},"6":{"loc":{"start":{"line":19,"column":2},"end":{"line":19,"column":55}},"type":"if","locations":[{"start":{"line":19,"column":2},"end":{"line":19,"column":55}},{"start":{},"end":{}}],"line":19},"7":{"loc":{"start":{"line":19,"column":6},"end":{"line":19,"column":40}},"type":"binary-expr","locations":[{"start":{"line":19,"column":6},"end":{"line":19,"column":21}},{"start":{"line":19,"column":25},"end":{"line":19,"column":40}}],"line":19}},"s":{"0":35,"1":12,"2":23,"3":6,"4":17,"5":17,"6":17,"7":17,"8":17,"9":40,"10":0,"11":17,"12":17,"13":31,"14":9,"15":8,"16":0,"17":8,"18":1,"19":1,"20":1,"21":1,"22":1},"f":{"0":35},"b":{"0":[12,23],"1":[35,24],"2":[6,17],"3":[23,21],"4":[0,40],"5":[9,22],"6":[0,8],"7":[8,8]},"_coverageSchema":"1a1c01bbd47fc00a2c39e90264f33305004495a9","hash":"b67979ad5407d54b502a5738e66d2d3337a9986d"}
,"/Users/hoangnguyen/Desktop/JavaScript/Code/Section11-Coding-Exercise/practice/number-04.js": {"path":"/Users/hoangnguyen/Desktop/JavaScript/Code/Section11-Coding-Exercise/practice/number-04.js","statementMap":{"0":{"start":{"line":2,"column":2},"end":{"line":2,"column":42}},"1":{"start":{"line":2,"column":29},"end":{"line":2,"column":42}},"2":{"start":{"line":3,"column":2},"end":{"line":3,"column":26}},"3":{"start":{"line":3,"column":13},"end":{"line":3,"column":26}},"4":{"start":{"line":5,"column":2},"end":{"line":7,"column":3}},"5":{"start":{"line":5,"column":15},"end":{"line":5,"column":16}},"6":{"start":{"line":6,"column":4},"end":{"line":6,"column":34}},"7":{"start":{"line":6,"column":21},"end":{"line":6,"column":34}},"8":{"start":{"line":9,"column":2},"end":{"line":9,"column":14}},"9":{"start":{"line":12,"column":0},"end":{"line":12,"column":25}},"10":{"start":{"line":13,"column":0},"end":{"line":13,"column":24}},"11":{"start":{"line":14,"column":0},"end":{"line":14,"column":24}},"12":{"start":{"line":15,"column":0},"end":{"line":15,"column":24}},"13":{"start":{"line":16,"column":0},"end":{"line":16,"column":24}},"14":{"start":{"line":17,"column":0},"end":{"line":17,"column":24}},"15":{"start":{"line":18,"column":0},"end":{"line":18,"column":24}},"16":{"start":{"line":19,"column":0},"end":{"line":19,"column":24}},"17":{"start":{"line":20,"column":0},"end":{"line":20,"column":24}},"18":{"start":{"line":21,"column":0},"end":{"line":21,"column":24}},"19":{"start":{"line":22,"column":0},"end":{"line":22,"column":25}}},"fnMap":{"0":{"name":"isPrime","decl":{"start":{"line":1,"column":16},"end":{"line":1,"column":23}},"loc":{"start":{"line":1,"column":27},"end":{"line":10,"column":1}},"line":1}},"branchMap":{"0":{"loc":{"start":{"line":2,"column":2},"end":{"line":2,"column":42}},"type":"if","locations":[{"start":{"line":2,"column":2},"end":{"line":2,"column":42}},{"start":{},"end":{}}],"line":2},"1":{"loc":{"start":{"line":2,"column":6},"end":{"line":2,"column":27}},"type":"binary-expr","locations":[{"start":{"line":2,"column":6},"end":{"line":2,"column":12}},{"start":{"line":2,"column":16},"end":{"line":2,"column":27}}],"line":2},"2":{"loc":{"start":{"line":3,"column":2},"end":{"line":3,"column":26}},"type":"if","locations":[{"start":{"line":3,"column":2},"end":{"line":3,"column":26}},{"start":{},"end":{}}],"line":3},"3":{"loc":{"start":{"line":6,"column":4},"end":{"line":6,"column":34}},"type":"if","locations":[{"start":{"line":6,"column":4},"end":{"line":6,"column":34}},{"start":{},"end":{}}],"line":6}},"s":{"0":21,"1":4,"2":17,"3":2,"4":15,"5":15,"6":42,"7":5,"8":10,"9":1,"10":1,"11":1,"12":1,"13":1,"14":1,"15":1,"16":1,"17":1,"18":1,"19":1},"f":{"0":21},"b":{"0":[4,17],"1":[21,19],"2":[2,15],"3":[5,37]},"_coverageSchema":"1a1c01bbd47fc00a2c39e90264f33305004495a9","hash":"e498c5759f6aa37b5a1f027b9549268d7b7d4597"}
,"/Users/hoangnguyen/Desktop/JavaScript/Code/Section11-Coding-Exercise/practice/number-05.js": {"path":"/Users/hoangnguyen/Desktop/JavaScript/Code/Section11-Coding-Exercise/practice/number-05.js","statementMap":{"0":{"start":{"line":2,"column":2},"end":{"line":2,"column":42}},"1":{"start":{"line":2,"column":29},"end":{"line":2,"column":42}},"2":{"start":{"line":4,"column":21},"end":{"line":4,"column":33}},"3":{"start":{"line":5,"column":26},"end":{"line":5,"column":48}},"4":{"start":{"line":6,"column":2},"end":{"line":6,"column":72}},"5":{"start":{"line":6,"column":60},"end":{"line":6,"column":72}},"6":{"start":{"line":8,"column":2},"end":{"line":8,"column":15}},"7":{"start":{"line":11,"column":0},"end":{"line":11,"column":33}},"8":{"start":{"line":12,"column":0},"end":{"line":12,"column":34}},"9":{"start":{"line":13,"column":0},"end":{"line":13,"column":32}},"10":{"start":{"line":14,"column":0},"end":{"line":14,"column":32}},"11":{"start":{"line":15,"column":0},"end":{"line":15,"column":32}},"12":{"start":{"line":16,"column":0},"end":{"line":16,"column":33}},"13":{"start":{"line":17,"column":0},"end":{"line":17,"column":33}},"14":{"start":{"line":18,"column":0},"end":{"line":18,"column":33}}},"fnMap":{"0":{"name":"isPrefectSquare","decl":{"start":{"line":1,"column":16},"end":{"line":1,"column":31}},"loc":{"start":{"line":1,"column":35},"end":{"line":9,"column":1}},"line":1}},"branchMap":{"0":{"loc":{"start":{"line":2,"column":2},"end":{"line":2,"column":42}},"type":"if","locations":[{"start":{"line":2,"column":2},"end":{"line":2,"column":42}},{"start":{},"end":{}}],"line":2},"1":{"loc":{"start":{"line":2,"column":6},"end":{"line":2,"column":27}},"type":"binary-expr","locations":[{"start":{"line":2,"column":6},"end":{"line":2,"column":12}},{"start":{"line":2,"column":16},"end":{"line":2,"column":27}}],"line":2},"2":{"loc":{"start":{"line":6,"column":2},"end":{"line":6,"column":72}},"type":"if","locations":[{"start":{"line":6,"column":2},"end":{"line":6,"column":72}},{"start":{},"end":{}}],"line":6}},"s":{"0":30,"1":4,"2":26,"3":26,"4":26,"5":13,"6":13,"7":1,"8":1,"9":1,"10":1,"11":1,"12":1,"13":1,"14":1},"f":{"0":30},"b":{"0":[4,26],"1":[30,28],"2":[13,13]},"_coverageSchema":"1a1c01bbd47fc00a2c39e90264f33305004495a9","hash":"3a1a048a76a98b32a7569f2b56b85f7e3c58b927"}
,"/Users/hoangnguyen/Desktop/JavaScript/Code/Section11-Coding-Exercise/practice/number-06.js": {"path":"/Users/hoangnguyen/Desktop/JavaScript/Code/Section11-Coding-Exercise/practice/number-06.js","statementMap":{"0":{"start":{"line":2,"column":2},"end":{"line":2,"column":40}},"1":{"start":{"line":2,"column":27},"end":{"line":2,"column":40}},"2":{"start":{"line":3,"column":12},"end":{"line":3,"column":13}},"3":{"start":{"line":4,"column":2},"end":{"line":6,"column":3}},"4":{"start":{"line":4,"column":15},"end":{"line":4,"column":16}},"5":{"start":{"line":5,"column":4},"end":{"line":5,"column":30}},"6":{"start":{"line":5,"column":21},"end":{"line":5,"column":30}},"7":{"start":{"line":7,"column":2},"end":{"line":7,"column":29}},"8":{"start":{"line":7,"column":17},"end":{"line":7,"column":29}},"9":{"start":{"line":9,"column":2},"end":{"line":9,"column":15}},"10":{"start":{"line":12,"column":0},"end":{"line":12,"column":32}},"11":{"start":{"line":13,"column":0},"end":{"line":13,"column":33}},"12":{"start":{"line":14,"column":0},"end":{"line":14,"column":34}},"13":{"start":{"line":15,"column":0},"end":{"line":15,"column":33}},"14":{"start":{"line":16,"column":0},"end":{"line":16,"column":33}},"15":{"start":{"line":17,"column":0},"end":{"line":17,"column":33}},"16":{"start":{"line":18,"column":0},"end":{"line":18,"column":33}},"17":{"start":{"line":19,"column":0},"end":{"line":19,"column":34}}},"fnMap":{"0":{"name":"isPerfectNumber","decl":{"start":{"line":1,"column":16},"end":{"line":1,"column":31}},"loc":{"start":{"line":1,"column":35},"end":{"line":10,"column":1}},"line":1}},"branchMap":{"0":{"loc":{"start":{"line":2,"column":2},"end":{"line":2,"column":40}},"type":"if","locations":[{"start":{"line":2,"column":2},"end":{"line":2,"column":40}},{"start":{},"end":{}}],"line":2},"1":{"loc":{"start":{"line":2,"column":6},"end":{"line":2,"column":25}},"type":"binary-expr","locations":[{"start":{"line":2,"column":6},"end":{"line":2,"column":12}},{"start":{"line":2,"column":16},"end":{"line":2,"column":25}}],"line":2},"2":{"loc":{"start":{"line":5,"column":4},"end":{"line":5,"column":30}},"type":"if","locations":[{"start":{"line":5,"column":4},"end":{"line":5,"column":30}},{"start":{},"end":{}}],"line":5},"3":{"loc":{"start":{"line":7,"column":2},"end":{"line":7,"column":29}},"type":"if","locations":[{"start":{"line":7,"column":2},"end":{"line":7,"column":29}},{"start":{},"end":{}}],"line":7}},"s":{"0":16,"1":4,"2":12,"3":12,"4":12,"5":1490,"6":79,"7":12,"8":6,"9":6,"10":1,"11":1,"12":1,"13":1,"14":1,"15":1,"16":1,"17":1},"f":{"0":16},"b":{"0":[4,12],"1":[16,14],"2":[79,1411],"3":[6,6]},"_coverageSchema":"1a1c01bbd47fc00a2c39e90264f33305004495a9","hash":"718c86715536223b83ac05675984d7fe73091cf8"}
,"/Users/hoangnguyen/Desktop/JavaScript/Code/Section11-Coding-Exercise/practice/number-07.js": {"path":"/Users/hoangnguyen/Desktop/JavaScript/Code/Section11-Coding-Exercise/practice/number-07.js","statementMap":{"0":{"start":{"line":2,"column":2},"end":{"line":2,"column":43}},"1":{"start":{"line":2,"column":30},"end":{"line":2,"column":43}},"2":{"start":{"line":4,"column":22},"end":{"line":4,"column":24}},"3":{"start":{"line":5,"column":23},"end":{"line":5,"column":35}},"4":{"start":{"line":7,"column":2},"end":{"line":9,"column":3}},"5":{"start":{"line":7,"column":15},"end":{"line":7,"column":16}},"6":{"start":{"line":8,"column":4},"end":{"line":8,"column":38}},"7":{"start":{"line":11,"column":24},"end":{"line":11,"column":55}},"8":{"start":{"line":13,"column":2},"end":{"line":13,"column":39}},"9":{"start":{"line":13,"column":27},"end":{"line":13,"column":39}},"10":{"start":{"line":15,"column":2},"end":{"line":15,"column":15}},"11":{"start":{"line":18,"column":0},"end":{"line":18,"column":34}},"12":{"start":{"line":19,"column":0},"end":{"line":19,"column":34}},"13":{"start":{"line":20,"column":0},"end":{"line":20,"column":37}}},"fnMap":{"0":{"name":"isSymetricNumber","decl":{"start":{"line":1,"column":16},"end":{"line":1,"column":32}},"loc":{"start":{"line":1,"column":36},"end":{"line":16,"column":1}},"line":1}},"branchMap":{"0":{"loc":{"start":{"line":2,"column":2},"end":{"line":2,"column":43}},"type":"if","locations":[{"start":{"line":2,"column":2},"end":{"line":2,"column":43}},{"start":{},"end":{}}],"line":2},"1":{"loc":{"start":{"line":2,"column":6},"end":{"line":2,"column":28}},"type":"binary-expr","locations":[{"start":{"line":2,"column":6},"end":{"line":2,"column":12}},{"start":{"line":2,"column":16},"end":{"line":2,"column":28}}],"line":2},"2":{"loc":{"start":{"line":13,"column":2},"end":{"line":13,"column":39}},"type":"if","locations":[{"start":{"line":13,"column":2},"end":{"line":13,"column":39}},{"start":{},"end":{}}],"line":13}},"s":{"0":16,"1":5,"2":11,"3":11,"4":11,"5":11,"6":42,"7":11,"8":11,"9":6,"10":5,"11":1,"12":1,"13":1},"f":{"0":16},"b":{"0":[5,11],"1":[16,13],"2":[6,5]},"_coverageSchema":"1a1c01bbd47fc00a2c39e90264f33305004495a9","hash":"02e4e06633241c9bc877b5817385ab915c972be8"}
}
