{"/Users/hoangnguyen/Desktop/JavaScript/Code/Section11-Coding-Exercise/practice/01-calc-sum.js": {"path":"/Users/hoangnguyen/Desktop/JavaScript/Code/Section11-Coding-Exercise/practice/01-calc-sum.js","statementMap":{"0":{"start":{"line":5,"column":2},"end":{"line":5,"column":23}},"1":{"start":{"line":5,"column":14},"end":{"line":5,"column":23}},"2":{"start":{"line":7,"column":12},"end":{"line":7,"column":13}},"3":{"start":{"line":9,"column":2},"end":{"line":11,"column":3}},"4":{"start":{"line":9,"column":15},"end":{"line":9,"column":16}},"5":{"start":{"line":10,"column":4},"end":{"line":10,"column":13}},"6":{"start":{"line":13,"column":2},"end":{"line":13,"column":13}},"7":{"start":{"line":16,"column":0},"end":{"line":16,"column":29}},"8":{"start":{"line":20,"column":2},"end":{"line":20,"column":23}},"9":{"start":{"line":20,"column":14},"end":{"line":20,"column":23}},"10":{"start":{"line":22,"column":2},"end":{"line":22,"column":27}},"11":{"start":{"line":25,"column":0},"end":{"line":25,"column":30}},"12":{"start":{"line":26,"column":0},"end":{"line":26,"column":30}},"13":{"start":{"line":27,"column":0},"end":{"line":27,"column":30}}},"fnMap":{"0":{"name":"calculateSum","decl":{"start":{"line":4,"column":16},"end":{"line":4,"column":28}},"loc":{"start":{"line":4,"column":32},"end":{"line":14,"column":1}},"line":4},"1":{"name":"calculateSum2","decl":{"start":{"line":19,"column":16},"end":{"line":19,"column":29}},"loc":{"start":{"line":19,"column":33},"end":{"line":23,"column":1}},"line":19}},"branchMap":{"0":{"loc":{"start":{"line":5,"column":2},"end":{"line":5,"column":23}},"type":"if","locations":[{"start":{"line":5,"column":2},"end":{"line":5,"column":23}},{"start":{},"end":{}}],"line":5},"1":{"loc":{"start":{"line":20,"column":2},"end":{"line":20,"column":23}},"type":"if","locations":[{"start":{"line":20,"column":2},"end":{"line":20,"column":23}},{"start":{},"end":{}}],"line":20}},"s":{"0":7,"1":2,"2":5,"3":5,"4":5,"5":8,"6":5,"7":1,"8":9,"9":2,"10":7,"11":1,"12":1,"13":1},"f":{"0":7,"1":9},"b":{"0":[2,5],"1":[2,7]},"_coverageSchema":"1a1c01bbd47fc00a2c39e90264f33305004495a9","hash":"13c223403829a8ee691d3945d1f63b184bbfb8c9"}
,"/Users/hoangnguyen/Desktop/JavaScript/Code/Section11-Coding-Exercise/practice/number-01.js": {"path":"/Users/hoangnguyen/Desktop/JavaScript/Code/Section11-Coding-Exercise/practice/number-01.js","statementMap":{"0":{"start":{"line":23,"column":2},"end":{"line":23,"column":42}},"1":{"start":{"line":23,"column":29},"end":{"line":23,"column":42}},"2":{"start":{"line":25,"column":2},"end":{"line":25,"column":27}},"3":{"start":{"line":25,"column":14},"end":{"line":25,"column":27}},"4":{"start":{"line":27,"column":18},"end":{"line":27,"column":19}},"5":{"start":{"line":28,"column":18},"end":{"line":28,"column":20}},"6":{"start":{"line":30,"column":2},"end":{"line":40,"column":3}},"7":{"start":{"line":32,"column":22},"end":{"line":32,"column":36}},"8":{"start":{"line":33,"column":4},"end":{"line":33,"column":45}},"9":{"start":{"line":33,"column":32},"end":{"line":33,"column":45}},"10":{"start":{"line":36,"column":4},"end":{"line":36,"column":26}},"11":{"start":{"line":39,"column":4},"end":{"line":39,"column":43}},"12":{"start":{"line":42,"column":2},"end":{"line":42,"column":14}}},"fnMap":{"0":{"name":"isIncreasingNumber","decl":{"start":{"line":22,"column":16},"end":{"line":22,"column":34}},"loc":{"start":{"line":22,"column":38},"end":{"line":43,"column":1}},"line":22}},"branchMap":{"0":{"loc":{"start":{"line":23,"column":2},"end":{"line":23,"column":42}},"type":"if","locations":[{"start":{"line":23,"column":2},"end":{"line":23,"column":42}},{"start":{},"end":{}}],"line":23},"1":{"loc":{"start":{"line":23,"column":6},"end":{"line":23,"column":27}},"type":"binary-expr","locations":[{"start":{"line":23,"column":6},"end":{"line":23,"column":12}},{"start":{"line":23,"column":16},"end":{"line":23,"column":27}}],"line":23},"2":{"loc":{"start":{"line":25,"column":2},"end":{"line":25,"column":27}},"type":"if","locations":[{"start":{"line":25,"column":2},"end":{"line":25,"column":27}},{"start":{},"end":{}}],"line":25},"3":{"loc":{"start":{"line":33,"column":4},"end":{"line":33,"column":45}},"type":"if","locations":[{"start":{"line":33,"column":4},"end":{"line":33,"column":45}},{"start":{},"end":{}}],"line":33}},"s":{"0":29,"1":4,"2":25,"3":9,"4":16,"5":16,"6":16,"7":44,"8":44,"9":11,"10":33,"11":33,"12":5},"f":{"0":29},"b":{"0":[4,25],"1":[29,26],"2":[9,16],"3":[11,33]},"_coverageSchema":"1a1c01bbd47fc00a2c39e90264f33305004495a9","hash":"fc83d70104fe286aadac12eb4ade43ab5c3ef220"}
,"/Users/hoangnguyen/Desktop/JavaScript/Code/Section11-Coding-Exercise/practice/number-02.js": {"path":"/Users/hoangnguyen/Desktop/JavaScript/Code/Section11-Coding-Exercise/practice/number-02.js","statementMap":{"0":{"start":{"line":3,"column":2},"end":{"line":3,"column":41}},"1":{"start":{"line":3,"column":28},"end":{"line":3,"column":41}},"2":{"start":{"line":5,"column":2},"end":{"line":5,"column":27}},"3":{"start":{"line":5,"column":14},"end":{"line":5,"column":27}},"4":{"start":{"line":7,"column":15},"end":{"line":7,"column":16}},"5":{"start":{"line":8,"column":18},"end":{"line":8,"column":19}},"6":{"start":{"line":11,"column":2},"end":{"line":22,"column":3}},"7":{"start":{"line":12,"column":22},"end":{"line":12,"column":33}},"8":{"start":{"line":13,"column":4},"end":{"line":13,"column":38}},"9":{"start":{"line":14,"column":4},"end":{"line":14,"column":39}},"10":{"start":{"line":15,"column":4},"end":{"line":15,"column":62}},"11":{"start":{"line":15,"column":49},"end":{"line":15,"column":62}},"12":{"start":{"line":17,"column":4},"end":{"line":17,"column":26}},"13":{"start":{"line":18,"column":4},"end":{"line":18,"column":40}},"14":{"start":{"line":20,"column":4},"end":{"line":20,"column":37}},"15":{"start":{"line":21,"column":4},"end":{"line":21,"column":35}},"16":{"start":{"line":23,"column":2},"end":{"line":23,"column":14}},"17":{"start":{"line":25,"column":0},"end":{"line":25,"column":36}},"18":{"start":{"line":27,"column":0},"end":{"line":27,"column":37}},"19":{"start":{"line":29,"column":0},"end":{"line":29,"column":39}},"20":{"start":{"line":30,"column":0},"end":{"line":30,"column":40}},"21":{"start":{"line":31,"column":0},"end":{"line":31,"column":38}}},"fnMap":{"0":{"name":"isDecreasingNumber","decl":{"start":{"line":2,"column":16},"end":{"line":2,"column":34}},"loc":{"start":{"line":2,"column":38},"end":{"line":24,"column":1}},"line":2}},"branchMap":{"0":{"loc":{"start":{"line":3,"column":2},"end":{"line":3,"column":41}},"type":"if","locations":[{"start":{"line":3,"column":2},"end":{"line":3,"column":41}},{"start":{},"end":{}}],"line":3},"1":{"loc":{"start":{"line":3,"column":6},"end":{"line":3,"column":26}},"type":"binary-expr","locations":[{"start":{"line":3,"column":6},"end":{"line":3,"column":11}},{"start":{"line":3,"column":15},"end":{"line":3,"column":26}}],"line":3},"2":{"loc":{"start":{"line":5,"column":2},"end":{"line":5,"column":27}},"type":"if","locations":[{"start":{"line":5,"column":2},"end":{"line":5,"column":27}},{"start":{},"end":{}}],"line":5},"3":{"loc":{"start":{"line":15,"column":4},"end":{"line":15,"column":62}},"type":"if","locations":[{"start":{"line":15,"column":4},"end":{"line":15,"column":62}},{"start":{},"end":{}}],"line":15},"4":{"loc":{"start":{"line":15,"column":8},"end":{"line":15,"column":47}},"type":"binary-expr","locations":[{"start":{"line":15,"column":8},"end":{"line":15,"column":30}},{"start":{"line":15,"column":34},"end":{"line":15,"column":47}}],"line":15}},"s":{"0":26,"1":2,"2":24,"3":11,"4":13,"5":13,"6":13,"7":44,"8":44,"9":44,"10":44,"11":6,"12":38,"13":38,"14":38,"15":38,"16":7,"17":1,"18":1,"19":1,"20":1,"21":1},"f":{"0":26},"b":{"0":[2,24],"1":[26,25],"2":[11,13],"3":[6,38],"4":[44,8]},"_coverageSchema":"1a1c01bbd47fc00a2c39e90264f33305004495a9","hash":"8ea4c763ad5efdec70f9eb86b05620287f879da1"}
}
