TN:
SF:practice/01-calc-sum.js
FN:4,calculateSum
FN:19,calculateSum2
FNF:2
FNH:2
FNDA:7,calculateSum
FNDA:9,calculateSum2
DA:5,7
DA:7,5
DA:9,5
DA:10,8
DA:13,5
DA:16,1
DA:20,9
DA:22,7
DA:25,1
DA:26,1
DA:27,1
LF:11
LH:11
BRDA:5,0,0,2
BRDA:5,0,1,5
BRDA:20,1,0,2
BRDA:20,1,1,7
BRF:4
BRH:4
end_of_record
TN:
SF:practice/number-01.js
FN:43,isIncreasingNumber
FNF:1
FNH:1
FNDA:29,isIncreasingNumber
DA:44,29
DA:46,25
DA:48,16
DA:49,16
DA:50,28
DA:53,5
LF:6
LH:6
BRDA:44,0,0,4
BRDA:44,0,1,25
BRDA:44,1,0,29
BRDA:44,1,1,26
BRDA:46,2,0,9
BRDA:46,2,1,16
BRDA:50,3,0,11
BRDA:50,3,1,17
BRF:8
BRH:8
end_of_record
