TN:
SF:practice/01-calc-sum.js
FN:4,calculateSum
FN:19,calculateSum2
FNF:2
FNH:2
FNDA:7,calculateSum
FNDA:9,calculateSum2
DA:5,7
DA:7,5
DA:9,5
DA:10,8
DA:13,5
DA:16,1
DA:20,9
DA:22,7
DA:25,1
DA:26,1
DA:27,1
LF:11
LH:11
BRDA:5,0,0,2
BRDA:5,0,1,5
BRDA:20,1,0,2
BRDA:20,1,1,7
BRF:4
BRH:4
end_of_record
TN:
SF:practice/number-01.js
FN:22,isIncreasingNumber
FNF:1
FNH:1
FNDA:29,isIncreasingNumber
DA:23,29
DA:25,25
DA:27,16
DA:28,16
DA:30,16
DA:32,44
DA:33,44
DA:36,33
DA:39,33
DA:42,5
LF:10
LH:10
BRDA:23,0,0,4
BRDA:23,0,1,25
BRDA:23,1,0,29
BRDA:23,1,1,26
BRDA:25,2,0,9
BRDA:25,2,1,16
BRDA:33,3,0,11
BRDA:33,3,1,33
BRF:8
BRH:8
end_of_record
TN:
SF:practice/number-02.js
FN:2,isDecreasingNumber
FNF:1
FNH:1
FNDA:26,isDecreasingNumber
DA:3,26
DA:5,24
DA:7,13
DA:8,13
DA:11,13
DA:12,44
DA:15,44
DA:17,38
DA:20,38
DA:23,7
DA:25,1
DA:26,1
DA:27,1
DA:28,1
DA:29,1
LF:15
LH:15
BRDA:3,0,0,2
BRDA:3,0,1,24
BRDA:3,1,0,26
BRDA:3,1,1,25
BRDA:5,2,0,11
BRDA:5,2,1,13
BRDA:15,3,0,6
BRDA:15,3,1,38
BRDA:15,4,0,44
BRDA:15,4,1,8
BRF:10
BRH:10
end_of_record
TN:
SF:practice/number-03.js
FN:2,isIncreasingNumberByDistance
FNF:1
FNH:1
FNDA:35,isIncreasingNumberByDistance
DA:3,35
DA:4,23
DA:6,17
DA:7,17
DA:8,17
DA:10,17
DA:11,40
DA:14,17
DA:15,31
DA:16,9
DA:19,8
DA:21,8
DA:24,1
DA:25,1
DA:26,1
DA:27,1
DA:28,1
LF:17
LH:17
BRDA:3,0,0,12
BRDA:3,0,1,23
BRDA:3,1,0,35
BRDA:3,1,1,24
BRDA:4,2,0,6
BRDA:4,2,1,17
BRDA:4,3,0,23
BRDA:4,3,1,21
BRDA:11,4,0,0
BRDA:11,4,1,40
BRDA:15,5,0,9
BRDA:15,5,1,22
BRDA:19,6,0,0
BRDA:19,6,1,8
BRDA:19,7,0,8
BRDA:19,7,1,8
BRF:16
BRH:14
end_of_record
TN:
SF:practice/number-04.js
FN:1,isPrime
FNF:1
FNH:1
FNDA:21,isPrime
DA:2,21
DA:3,17
DA:5,15
DA:6,42
DA:9,10
DA:12,1
DA:13,1
DA:14,1
DA:15,1
DA:16,1
DA:17,1
DA:18,1
DA:19,1
DA:20,1
DA:21,1
DA:22,1
LF:16
LH:16
BRDA:2,0,0,4
BRDA:2,0,1,17
BRDA:2,1,0,21
BRDA:2,1,1,19
BRDA:3,2,0,2
BRDA:3,2,1,15
BRDA:6,3,0,5
BRDA:6,3,1,37
BRF:8
BRH:8
end_of_record
